1520487856446	geckodriver	INFO	Listening on 127.0.0.1:56041
1520487858526	geckodriver::marionette	INFO	Starting browser C:\Program Files (x86)\Mozilla Firefox\firefox.exe with args ["-marionette"]
Unable to read VR Path Registry from C:\Users\eita6\AppData\Local\openvr\openvrpaths.vrpath
1520487859876	Marionette	INFO	Enabled via --marionette
Unable to read VR Path Registry from C:\Users\eita6\AppData\Local\openvr\openvrpaths.vrpath
Unable to read VR Path Registry from C:\Users\eita6\AppData\Local\openvr\openvrpaths.vrpath
Unable to read VR Path Registry from C:\Users\eita6\AppData\Local\openvr\openvrpaths.vrpath
Unable to read VR Path Registry from C:\Users\eita6\AppData\Local\openvr\openvrpaths.vrpath
1520487863037	Marionette	INFO	Listening on port 56052
1520487863060	Marionette	WARN	TLS certificate errors will be ignored for this session
JavaScript error: https://portal.nap.gsic.titech.ac.jp/GetAccess/Login?Template=idg_key&AUTHMETHOD=IG&GASF=CERTIFICATE,IG.GRID,IG.OTP&LOCALE=ja_JP&GAREASONCODE=13&GAIDENTIFICATIONID=UserPassword&GARESOURCEID=resourcelistID2&GAURI=https://portal.nap.gsic.titech.ac.jp/GetAccess/ResourceList&Reason=13&APPID=resourcelistID2&URI=https://portal.nap.gsic.titech.ac.jp/GetAccess/ResourceList, line 101: ReferenceError: checkflag is not defined
[Parent 15868, Gecko_IOThread] WARNING: pipe error: 109: file z:/build/build/src/ipc/chromium/src/chrome/common/ipc_channel_win.cc, line 346
[Child 20336, Chrome_ChildThread] WARNING: pipe error: 109: file z:/build/build/src/ipc/chromium/src/chrome/common/ipc_channel_win.cc, line 346
[Child 21108, Chrome_ChildThread] WARNING: pipe error: 109: file z:/build/build/src/ipc/chromium/src/chrome/common/ipc_channel_win.cc, line 346

###!!! [Child][MessageChannel::SendAndWait] Error: Channel error: cannot send/recv

ths.vrpath
Unable to read VR Path Registry from C:\Users\eita6\AppData\Local\openvr\openvrpaths.vrpath
Unable to read VR Path Registry from C:\Users\eita6\AppData\Local\openvr\openvrpaths.vrpath
1520489151854	Marionette	INFO	Listening on port 57893
1520489152171	Marionette	WARN	TLS certificate errors will be ignored for this session
JavaScript error: https://portal.nap.gsic.titech.ac.jp/GetAccess/Login?Template=idg_key&AUTHMETHOD=IG&GASF=CERTIFICATE,IG.GRID,IG.OTP&LOCALE=ja_JP&GAREASONCODE=13&GAIDENTIFICATIONID=UserPassword&GARESOURCEID=resourcelistID2&GAURI=https://portal.nap.gsic.titech.ac.jp/GetAccess/ResourceList&Reason=13&APPID=resourcelistID2&URI=https://portal.nap.gsic.titech.ac.jp/GetAccess/ResourceList, line 101: ReferenceError: checkflag is not defined
[Child 10736, Chrome_ChildThread] WARNING: pipe error: 109: file z:/build/build/src/ipc/chromium/src/chrome/common/ipc_channel_win.cc, line 346
[Parent 22216, Gecko_IOThread] WARNING: pipe error: 109: file z:/build/build/src/ipc/chromium/src/chrome/common/ipc_channel_win.cc, line 346
[Child 23440, Chrome_ChildThread] WARNING: pipe error: 109: file z:/build/build/src/ipc/chromium/src/chrome/common/ipc_channel_win.cc, line 346
[Child 23440, Chrome_ChildThread] WARNING: p
###!!! [Child][MessageChannel::SendAndWait] Error: Channel error: cannot send/recv

from C:\Users\eita6\AppData\Local\openvr\openvrpaths.vrpath
1520489856345	Marionette	INFO	Listening on port 59005
1520489856475	Marionette	WARN	TLS certificate errors will be ignored for this session
Unable to read VR Path Registry from C:\Users\eita6\AppData\1520489858771	geckodriver::marion[Parent 11820, Gecko_IOThread] WARNING: pipe error: 109: file z:/build/build/src/ipc/chromium/src/chrome/common/ipc_channel_win.cc, line 346
[Parent 11820, Gecko_IOThread] WARNING: pipe error: 109: file z:/build/build/src/ipc/chromium/src/chrome/common/ipc_channel_win.cc, line 346
[Child 6912, Chrome_ChildThread] WARNING: pipe error: 109: file z:/build/build/src/ipc/chromium/src/chrome/common/ipc_channel_win.cc, line 346
[Parent 11820, Gecko_IOThread] WARNING: pipe error: 109: file z:/build/build/src/ipc/chromium/src/chrome/common/ipc_channel_win.cc, line 346
[Child 20976, Chrome_ChildThread] WARNING: pipe error: 109: file z:/build/build/src/ipc/chromium/src/chrome/common/ipc_channel_win.cc, line 346
[Child 20976, Chrome_Child*** UTM:SVC TimerManager:registerTimer called after profile-before-change notification. Ignoring timer registration for id: telemetry_modules_ping

###!!! [Child][MessageChannel::SendAndWait] Error: Channel error: cannot send/recv

sourcelistID2&GAURI=https://portal.nap.gsic.titech.ac.jp/GetAccess/ResourceList&Reason=13&APPID=resourcelistID2&URI=https://portal.nap.gsic.titech.ac.jp/GetAccess/ResourceList, line 101: ReferenceError: checkflag is not defined
[Parent 18692, Gecko_IOThread] WARNING: pipe error: 109: file z:/build/build/src/ipc/chromium/src/chrome/common/ipc_channel_win.cc, line 346
[Parent 18692, Gecko_IOThread] WARNING: pipe error: 109: file z:/build/build/src/ipc/chromium/src/chrome/common/ipc_channel_win.cc, line 346
*** UTM:SVC TimerManager:registerTimer called after profile-before-change notification. Ignoring timer registration for id: telemetry_modules_ping

###!!! [Child][MessageChannel::SendAndWait] Error: Channel error: cannot send/recv

1520489984891	geckodriver	INFO	Listening on 127.0.0.1:59303
1520489986958	geckodriver::marionette	INFO	Starting browser C:\Program Files (x86)\Mozilla Firefox\firefox.exe with args ["-marionette"]
Unable to read VR Path Registry from C:\Users\eita6\AppData\Local\openvr\openvrpaths.vrpath
1520489988304	Marionette	INFO	Enabled via --marionette
Unable to read VR Path Registry from C:\Users\eita6\AppData\Local\openvr\openvrpaths.vrpath
Unable to read VR Path Registry from C:\Users\eita6\AppData\Local\openvr\openvrpaths.vrpath
Unable to read VR Path Registry from C:\Users\eita6\AppData\Local\openvr\openvrpaths.vrpath
Unable to read VR Path Registry from C:\Users\eita6\AppData\Local\openvr\openvrpaths.vrpath
1520489991307	Marionette	INFO	Listening on port 59312
1520489991431	Marionette	WARN	TLS certificate errors will be ignored for this session
JavaScript error: https://portal.nap.gsic.titech.ac.jp/GetAccess/Login?Template=idg_key&AUTHMETHOD=IG&GASF=CERTIFICATE,IG.GRID,IG.OTP&LOCALE=ja_JP&GAREASONCODE=13&GAIDENTIFICATIONID=UserPassword&GARESOURCEID=resourcelistID2&GAURI=https://portal.nap.gsic.titech.ac.jp/GetAccess/ResourceList&Reason=13&APPID=resourcelistID2&URI=https://portal.nap.gsic.titech.ac.jp/GetAccess/ResourceList, line 101: ReferenceError: checkflag is not defined
[Parent 21988, Gecko_IOThread] WARNING: pipe error: 109: file z:/build/build/src/ipc/chromium/src/chrome/common/ipc_channel_win.cc, line 346
[Parent 21988, Gecko_IOThread] WARNING: pipe error: 109: file z:/build/build/src/ipc/chromium/src/chrome/common/ipc_channel_win.cc, line 346
[Child 20296, Chrome_ChildThread] WARNING: pipe error: 109: file z:/build/build/src/ipc/chromium/src/chrome/common/ipc_channel_win.cc, line 346
[Child 20296, Chrome_Chil[Child 21872, Chrome_ChildThread] WARNING: pipe error: 109: file z:/build/build/src/ipc/chromium/src/chrome/common/ipc_channel_win.cc, line 346
[Child 21872, Chrome_ChildThread] WARNING: pipe error: 109: file z:/bu*** UTM:SVC TimerManager:registerTimer called after profile-before-change notification. Ignoring timer registration for id: telemetry_modules_ping

###!!! [Child][MessageChannel::SendAndWait] Error: Channel error: cannot send/recv

1520490122066	geckodriver	INFO	Listening on 127.0.0.1:59578
1520490124125	geckodriver::marionette	INFO	Starting browser C:\Program Files (x86)\Mozilla Firefox\firefox.exe with args ["-marionette"]
Unable to read VR Path Registry from C:\Users\eita6\AppData\Local\openvr\openvrpaths.vrpath
1520490125236	Marionette	INFO	Enabled via --marionette
Unable to read VR Path Registry from C:\Users\eita6\AppData\Local\openvr\openvrpaths.vrpath
Unable to read VR Path Registry from C:\Users\eita6\AppData\Local\openvr\openvrpaths.vrpath
Unable to read VR Path Registry from C:\Users\eita6\AppData\Local\openvr\openvrpaths.vrpath
Unable to read VR Path Registry from C:\Users\eita6\AppData\Local\openvr\openvrpaths.vrpath
1520490128247	Marionette	INFO	Listening on port 59587
1520490128582	Marionette	WARN	TLS certificate errors will be ignored for this session
JavaScript error: https://portal.nap.gsic.titech.ac.jp/GetAccess/Login?Template=idg_key&AUTHMETHOD=IG&GASF=CERTIFICATE,IG.GRID,IG.OTP&LOCALE=ja_JP&GAREASONCODE=13&GAIDENTIFICATIONID=UserPassword&GARESOURCEID=resourcelistID2&GAURI=https://portal.nap.gsic.titech.ac.jp/GetAccess/ResourceList&Reason=13&APPID=resourcelistID2&URI=https://portal.nap.gsic.titech.ac.jp/GetAccess/ResourceList, line 101: ReferenceError: checkflag is not defined
[Parent 20088, Gecko_IOThread] WARNING: pipe error: 109: file z:/build/build/src/ipc/chromium/src/chrome/common/ipc_channel_win.cc, line 346
[Parent 20088, Gecko_IOThread] WARNING: pipe error: 109: file z:/build/build/src/ipc/chromium/src/chrome/common/ipc_channel_win.cc, line 346
[Child 4056, Chrome_ChildThread] WARNING: pipe error: 109: file z:/build/build/src/ipc/chromium/src/chrome/common/ipc_channel_win.cc, line 346
[Child 4056, Chrome_C*** UTM:SVC TimerManager:registerTimer called after profile-before-change notification. Ignoring timer registration for id: telemetry_modules_ping

###!!! [Child][MessageChannel::SendAndWait] Error: Channel error: cannot send/recv

1520490301187	geckodriver	INFO	Listening on 127.0.0.1:59913
1520490303244	geckodriver::marionette	INFO	Starting browser C:\Program Files (x86)\Mozilla Firefox\firefox.exe with args ["-marionette"]
Unable to read VR Path Registry from C:\Users\eita6\AppData\Local\openvr\openvrpaths.vrpath
1520490304356	Marionette	INFO	Enabled via --marionette
Unable to read VR Path Registry from C:\Users\eita6\AppData\Local\openvr\openvrpaths.vrpath
Unable to read VR Path Registry from C:\Users\eita6\AppData\Local\openvr\openvrpaths.vrpath
Unable to read VR Path Registry from C:\Users\eita6\AppData\Local\openvr\openvrpaths.vrpath
1520490307529	Marionette	INFO	Listening on port 59924
Unable to read VR Path Registry from C:\Users\eita6\AppData\Local\openvr\openvrpaths.vrpath
1520490307706	Marionette	WARN	TLS certificate errors will be ignored for this session
JavaScript error: https://portal.nap.gsic.titech.ac.jp/GetAccess/Login?Template=idg_key&AUTHMETHOD=IG&GASF=CERTIFICATE,IG.GRID,IG.OTP&LOCALE=ja_JP&GAREASONCODE=13&GAIDENTIFICATIONID=UserPassword&GARESOURCEID=resourcelistID2&GAURI=https://portal.nap.gsic.titech.ac.jp/GetAccess/ResourceList&Reason=13&APPID=resourcelistID2&URI=https://portal.nap.gsic.titech.ac.jp/GetAccess/ResourceList, line 101: ReferenceError: checkflag is not defined
[Child 21452, Chrome_ChildThread] WARNING: pipe error: 109: file z:/build/build/src/ipc/chromium/src/chrome/common/ipc_channel_win.cc, line 346
[Child 21452, Chrome_ChildThread] [Child 21744, Chrome_ChildThread] WARNING: pipe error: 109: file z:/build/build/src/ipc/chromium/src/chrome/common/ipc_channel_win.cc, line 346
[Child 22124, Chrome_ChildThread] WARNING: pipe error: 109: file z:/build/build/src/ipc/chromium/src/chrome/common/ipc_channel_win.cc, line 346
[Child 22124, Chrome_C*** UTM:SVC TimerManager:registerTimer called after profile-before-change notification. Ignoring timer registration for id: telemetry_modules_ping

###!!! [Child][MessageChannel::SendAndWait] Error: Channel error: cannot send/recv

1520490523624	geckodriver	INFO	Listening on 127.0.0.1:60458
1520491025896	geckodriver	INFO	Listening on 127.0.0.1:61607
1520491027963	geckodriver::marionette	INFO	Starting browser C:\Program Files\Mozilla Firefox\firefox.exe with args ["-marionette"]
Unable to read VR Path Registry from C:\Users\eita6\AppData\Local\openvr\openvrpaths.vrpath
1520491029224	Marionette	INFO	Enabled via --marionette
Unable to read VR Path Registry from C:\Users\eita6\AppData\Local\openvr\openvrpaths.vrpath
Unable to read VR Path Registry from C:\Users\eita6\AppData\Local\openvr\openvrpaths.vrpath
Unable to read VR Path Registry from C:\Users\eita6\AppData\Local\openvr\openvrpaths.vrpath
Unable to read VR Path Registry from C:\Users\eita6\AppData\Local\openvr\openvrpaths.vrpath
1520491032277	Marionette	INFO	Listening on port 61618
1520491032494	Marionette	WARN	TLS certificate errors will be ignored for this session
[Parent 22484, Gecko_IOThread] WARNING: pipe error: 109: file z:/build/build/src/ipc/chromium/src/chrome/common/ipc_channel_win.cc, line 346
[Parent 22484, Gecko_IOThread] WARNING: pipe error: 109: file z:/build/build/src/ipc/chromium/src/chrome/common/ipc_channel_win.cc, line 346
[Child 3436, Chrome_ChildThread] WARNING: pipe error: 109: file z:/build/build/src/ipc/chromium/src/chrome/common/ipc_channel_win.cc, line 346
[Child 3436, Chrome_ChildTh
###!!! [Child][MessageChannel::SendAndWait] Error: Channel error: cannot send/recv

 Path Registry from C:\Users\eita6\AppData\Local\openvr\openvrpaths.vrpath
1520491038700	Marionette	INFO	Listening on port 61657
Unable to read VR Path Registry from C:\Users\eita6\AppData\Local\openvr\openvrpaths.vrpath
1520491039204	Marionette	WARN	TLS certificate errors will be ignored for this session
JavaScript error: https://portal.nap.gsic.titech.ac.jp/GetAccess/Login?Template=idg_key&AUTHMETHOD=IG&GASF=CERTIFICATE,IG.GRID,IG.OTP&LOCALE=ja_JP&GAREASONCODE=13&GAIDENTIFICATIONID=UserPassword&GARESOURCEID=resourcelistID2&GAURI=https://portal.nap.gsic.titech.ac.jp/GetAccess/ResourceList&Reason=13&APPID=resourcelistID2&URI=https://portal.nap.gsic.titech.ac.jp/GetAccess/ResourceList, line 101: ReferenceError: checkflag is not defined
[Parent 18640, Gecko_IOThread] WARNING: pipe error: 109: file z:/build/build/src/ipc/chromium/src/chrome/common/ipc_channel_win.cc, line 346
[Parent 18640, Gecko_IOThread] WARNING: pipe error: 109: file z:/build/build/src/ipc/chromium/src/chrome/common/ipc_channel_win.cc, line 346
[Child 2148, Chrome_ChildThread] WARNING: pipe error: 109: file z:/build/build/src/ipc/chromium/src/chrome/common/ipc_channel_win.cc, line 346
[Child 22836, Chrome_ChildThread] WARNING: pipe error: 109: file z:/build/build/src/ipc/chromium/src/chrome/common/ipc_channel_win.cc, line 346
[Child 22836, Chrome_Chil[Parent 18640, Gecko_IOThread] WARNING: pipe error: 109: file z:/build/build/src/ipc/chromium/src/chrome/common/ipc_channel_win.cc, line 346

###!!! [Child][MessageChannel::SendAndWait] Error: Channel error: cannot send/recv

1520491670969	geckodriver	INFO	Listening on 127.0.0.1:62662
1520491673051	geckodriver::marionette	INFO	Starting browser C:\Program Files\Mozilla Firefox\firefox.exe with args ["-marionette"]
Unable to read VR Path Registry from C:\Users\eita6\AppData\Local\openvr\openvrpaths.vrpath
1520491674271	Marionette	INFO	Enabled via --marionette
Unable to read VR Path Registry from C:\Users\eita6\AppData\Local\openvr\openvrpaths.vrpath
Unable to read VR Path Registry from C:\Users\eita6\AppData\Local\openvr\openvrpaths.vrpath
Unable to read VR Path Registry from C:\Users\eita6\AppData\Local\openvr\openvrpaths.vrpath
Unable to read VR Path Registry from C:\Users\eita6\AppData\Local\openvr\openvrpaths.vrpath
1520491677328	Marionette	INFO	Listening on port 62672
1520491677534	Marionette	WARN	TLS certificate errors will be ignored for this session
[Child 22160, Chrome_ChildThread] WARNING: pipe error: 109: file z:/build/build/src/ipc/chromium/src/chrome/common/ipc_channel_win.cc, line 346
[Child 22160, Chrome_ChildThr[Child 21828, Chrome_ChildThread] WARNING: pipe error: 109: file z:/build/build/src/ipc/chromium/src/chrome/common/ipc_channel_win.cc, line 346
[Child 21828, C[GPU 5816, Chrome_ChildThread] WARNING: pipe error: 109: file z:/build/build/src/ipc/chromium/src/chrome/common/ipc_channel_win.cc, line 346

###!!! [Child][MessageChannel::SendAndWait] Error: Channel error: cannot send/recv

:\Users\eita6\AppData\Local\openvr\openvrpaths.vrpath
Unable to read VR Path Registry from C:\Users\eita6\AppData\Local\openvr\openvrpaths.vrpath
1520491684210	Marionette	INFO	Listening on port 62715
1520491684341	Marionette	WARN	TLS certificate errors will be ignored for this session
JavaScript error: https://portal.nap.gsic.titech.ac.jp/GetAccess/Login?Template=idg_key&AUTHMETHOD=IG&GASF=CERTIFICATE,IG.GRID,IG.OTP&LOCALE=ja_JP&GAREASONCODE=13&GAIDENTIFICATIONID=UserPassword&GARESOURCEID=resourcelistID2&GAURI=https://portal.nap.gsic.titech.ac.jp/GetAccess/ResourceList&Reason=13&APPID=resourcelistID2&URI=https://portal.nap.gsic.titech.ac.jp/GetAccess/ResourceList, line 101: ReferenceError: checkflag is not defined
[Parent 21852, Gecko_IOThread] WARNING: pipe error: 109: file z:/build/build/src/ipc/chromium/src/chrome/common/ipc_channel_win.cc, line 346
[Parent 21852, Gecko_IOThread] WARNING: pipe error: 109: file z:/build/build/src/ipc/chromium/src/chrome/common/ipc_channel_win.cc, line 346
[Child 12592, Chrome_ChildThread] WARNING: pipe error: 109: file z:/build/build/src/ipc/chromium/src/chrome/common/ipc_channel_win.cc, line 346
[Parent 21852, Gecko_IOThread] WARNING: pipe error: 109: file z:/build/build/src/ipc/chromium/src/chrome/common/ipc_channel_win.cc, line 346
[Child 23100, Chrome_ChildThread] WARNING: pipe error: 109: file z:/build/build/src/ipc/chromium/src/chrome/common/ipc_channel_win.cc, line 346
[Child 23100, Chrome_ChildThrea
###!!! [Child][MessageChannel::SendAndWait] Error: Channel error: cannot send/recv

 for this session
JavaScript error: https://portal.nap.gsic.titech.ac.jp/GetAccess/Login?Template=idg_key&AUTHMETHOD=IG&GASF=CERTIFICATE,IG.GRID,IG.OTP&LOCALE=ja_JP&GAREASONCODE=13&GAIDENTIFICATIONID=UserPassword&GARESOURCEID=resourcelistID2&GAURI=https://portal.nap.gsic.titech.ac.jp/GetAccess/ResourceList&Reason=13&APPID=resourcelistID2&URI=https://portal.nap.gsic.titech.ac.jp/GetAccess/ResourceList, line 101: ReferenceError: checkflag is not defined
[Child 11180, Chrome_ChildThread] WARNING: pipe error: 109: file z:/build/build/src/ipc/chromium/src/chrome/common/ipc_channel_win.cc, line 346
[Child 11180, Chrome_ChildThread] WARNING: pipe error: 1[Child 18832, Chrome_ChildThread] WARNING: pipe error: 109: file z:/build/build/src/ipc/chromium/src/chrome/common/ipc_channel_win.cc, line 346
[Child 18832, Chrome_Child
###!!! [Child][MessageChannel::SendAndWait] Error: Channel error: cannot send/recv

1522825590874	geckodriver	INFO	Listening on 127.0.0.1:50523
1522825593925	geckodriver::marionette	INFO	Starting browser C:\Program Files\Mozilla Firefox\firefox.exe with args ["-marionette"]
Unable to read VR Path Registry from C:\Users\eita6\AppData\Local\openvr\openvrpaths.vrpath
1522825595180	Marionette	INFO	Enabled via --marionette
Unable to read VR Path Registry from C:\Users\eita6\AppData\Local\openvr\openvrpaths.vrpath
Unable to read VR Path Registry from C:\Users\eita6\AppData\Local\openvr\openvrpaths.vrpath
Unable to read VR Path Registry from C:\Users\eita6\AppData\Local\openvr\openvrpaths.vrpath
1522825597540	Marionette	INFO	Listening on port 50532
1522825597635	Marionette	WARN	TLS certificate errors will be ignored for this session
Unable to read VR Path Registry from C:\Users\eita6\AppData\Local\openvr\openvrpaths.vrpath
JavaScript error: https://portal.nap.gsic.titech.ac.jp/GetAccess/Login?Template=idg_key&AUTHMETHOD=IG&GASF=CERTIFICATE,IG.GRID,IG.OTP&LOCALE=ja_JP&GAREASONCODE=13&GAIDENTIFICATIONID=UserPassword&GARESOURCEID=resourcelistID2&GAURI=https://portal.nap.gsic.titech.ac.jp/GetAccess/ResourceList&Reason=13&APPID=resourcelistID2&URI=https://portal.nap.gsic.titech.ac.jp/GetAccess/ResourceList, line 101: ReferenceError: checkflag is not defined
[Parent 9684, Gecko_IOThread] WARNING: pipe error: 109: file z:/build/build/src/ipc/chromium/src/chrome/common/ipc_channel_win.cc, line 346
[Child 22120, Chrome_ChildThread] WARNING: pipe error: 109: file z:/build/build/src/ipc/chromium/src/chrome/common/ipc_channel_win.cc, line 346
[Child 22120, Chrome_Child[Parent 9684, Gecko_IOThread] WARNING: pipe error: 109: file z:/build/build/src/ipc/chromium/src/chrome/common/ipc_channel_win.cc, line 346
[Parent 9684, Gecko_IOThread] WARNING: pipe error: 109: file z:/build/build/src/ipc/chromium/src/chrome/common/ipc_channel_win.cc, line 346
[Child 6700, Chrome_ChildThread] WARNING: pipe error: 109: file z:/build/build/src/ipc/chromium/src/chrome/common/ipc_channel_win.cc, line 346
[Child 6700, Chrome_C
###!!! [Child][MessageChannel::SendAndWait] Error: Channel error: cannot send/recv

rpath
JavaScript error: https://portal.nap.gsic.titech.ac.jp/GetAccess/Login?Template=idg_key&AUTHMETHOD=IG&GASF=CERTIFICATE,IG.GRID,IG.OTP&LOCALE=ja_JP&GAREASONCODE=13&GAIDENTIFICATIONID=UserPassword&GARESOURCEID=resourcelistID2&GAURI=https://portal.nap.gsic.titech.ac.jp/GetAccess/ResourceList&Reason=13&APPID=resourcelistID2&URI=https://portal.nap.gsic.titech.ac.jp/GetAccess/ResourceList, line 101: ReferenceError: checkflag is not defined
1522827463255	geckodriver	INFO	Listening on 127.0.0.1:51018
1522827466319	geckodriver::marionette	INFO	Starting browser C:\Program Files\Mozilla Firefox\firefox.exe with args ["-marionette"]
Unable to read VR Path Registry from C:\Users\eita6\AppData\Local\openvr\openvrpaths.vrpath
1522827467908	Marionette	INFO	Enabled via --marionette
Unable to read VR Path Registry from C:\Users\eita6\AppData\Local\openvr\openvrpaths.vrpath
Unable to read VR Path Registry from C:\Users\eita6\AppData\Local\openvr\openvrpaths.vrpath
Unable to read VR Path Registry from C:\Users\eita6\AppData\Local\openvr\openvrpaths.vrpath
1522827470463	Marionette	INFO	Listening on port 51027
1522827470612	Marionette	WARN	TLS certificate errors will be ignored for this session
Unable to read VR Path Registry from C:\Users\eita6\AppData\Local\openvr\openvrpaths.vrpath
Unable to read VR Path Registry from C:\Users\eita6\AppData\Local\openvr\openvrpaths.vrpath
[Parent 1544, Gecko_IOThread] WARNING: pipe error: 109: file z:/build/build/src/ipc/chromium/src/chrome/common/ipc_channel_win.cc, line 346
[Parent 1544, Gecko_IOThread] WARNING: pipe error: 109: file z:/build/build/src/ipc/chromium/src/chrome/common/ipc_channel_win.cc, line 346
[Parent 1544, Gecko_IOThread] WARNING: pipe error: 109: file z:/build/build/src/ipc/chromium/src/chrome/common/ipc_channel_win.cc, line 346
[Child 21156, Chrome_ChildThread] WARNING: pipe error: 109: file z:/build/build/src/ipc/chromium/src/chrome/common/ipc_channel_win.cc, line 346
[Child 18600, Chrome_ChildThread] WARNING: pipe error: 109: file z:/build/build/src/ipc/chromium/src/chrome/common/ipc_channel_win.cc, line 346
[Parent 1544, Gecko_IOThread] WARNING: pipe error: 109: file z:/build/build/src/ipc/chromium/src/chrome/common/ipc_channel_win.cc, line 346
[Child 1280, Chrome_ChildThread] WARNING: pipe error: 109: file z:/build/build/src/ipc/chromium/src/chrome/common/ipc_channel_win.cc, line 346
[Child 1280, Chrome_ChildT
###!!! [Child][MessageChannel::SendAndWait] Error: Channel error: cannot send/recv

itech.ac.jp/GetAccess/ResourceList, line 101: ReferenceError: checkflag is not defined
1531032782670	geckodriver	INFO	Listening on 127.0.0.1:61122
1531032785734	geckodriver::marionette	INFO	Starting browser C:\Program Files\Mozilla Firefox\firefox.exe with args ["-marionette"]
Unable to read VR Path Registry from C:\Users\eita6\AppData\Local\openvr\openvrpaths.vrpath
1531032786830	Marionette	INFO	Enabled via --marionette
Unable to read VR Path Registry from C:\Users\eita6\AppData\Local\openvr\openvrpaths.vrpath
Unable to read VR Path Registry from C:\Users\eita6\AppData\Local\openvr\openvrpaths.vrpath
Unable to read VR Path Registry from C:\Users\eita6\AppData\Local\openvr\openvrpaths.vrpath
IPDL protocol error: Handler returned error code!

###!!! [Parent][DispatchAsyncMessage] Error: PLayerTransaction::Msg_ReleaseLayer Processing error: message was deserialized, but the handler returned false (indicating failure)

IPDL protocol error: Handler returned error code!

###!!! [Parent][DispatchAsyncMessage] Error: PLayerTransaction::Msg_ReleaseLayer Processing error: message was deserialized, but the handler returned false (indicating failure)

1531032788754	Marionette	INFO	Listening on port 61132
Unable to read VR Path Registry from C:\Users\eita6\AppData\Local\openvr\openvrpaths.vrpath
1531032788892	Marionette	WARN	TLS certificate errors will be ignored for this session
[Child 51404, Chrome_ChildThread] WARNING: pipe error: 109: file z:/[Child 15300, Chrome_ChildThread] WARNING: pipe error: 109: file z:/build/build/src/ipc/chromium/src/chrome/common/ipc_channel_win.cc, line 346
[Child 15300, Chrome_ChildThread] WARNING: pipe error: 109: file z:/build/build/src/ipc/chromium/src/chrome/common/ipc_channel_win.cc, line 346
[Parent 57636, Gecko_IOThread] WARNING: pipe error: 109: file z:/build/build/src/ipc/chromium/src/chrome/common/ipc_channel_win.cc, line 346
[Child 55484, Chrome_ChildThread] WARNING: pipe error: 109: file z:/build/build/src/ipc/chromium/src/chrome/common/ipc_channel_win.cc, line 346
[Child 55484, Chrome_Ch
###!!! [Child][MessageChannel::SendAndWait] Error: Channel error: cannot send/recv

ion
Unable to read VR Path Registry from C:\Users\eita6\AppData\Local\openvr\openvrpaths.vrpath
[Child 50100, Chrome_ChildThread] WARNING: pipe error: 109: file z:/build/build/src/ipc/chromium/src/chrome/common/ipc_channel_win.cc, line 346
[Child 50100, Chrome_ChildThread] WAR[Parent 61216, Gecko_IOThread] WARNING: pipe error: 109: file z:/build/build/src/ipc/chromium/src/chrome/common/ipc_channel_win.cc, line 346

###!!! [Child][MessageChannel::SendAndWait] Error: Channel error: cannot send/recv

\openvrpaths.vrpath
Unable to read VR Path Registry from C:\Users\eita6\AppData\Local\openvr\openvrpaths.vrpath
Unable to read VR Path Registry from C:\Users\eita6\AppData\Local\openvr\openvrpaths.vrpath
1531032862886	Marionette	INFO	Listening on port 61216
1531032863298	Marionette	WARN	TLS certificate errors will be ignored for this session
Unable to read VR Path Registry from C:\Users\eita6\AppData\Local\openvr\openvrpaths.vrpath
[Parent 62772, Gecko_IOThread] WARNING: pipe error: 109: file z:/build/build/src/ipc/chromium/src/chrome/common/ipc_channel_win.cc, line 346
[Parent 62772, Gecko_IOThread] WARNING: pipe error: 109: file z:/build/build/src/ipc/chromium/src/chrome/common/ipc_channel_win.cc, line 346
[Child 58076, Chrome_ChildThread] WARNING: pipe error: 109: file z:/build/build/src/ipc/chromium/src/chrome/common/ipc_channel_win.cc, line 346
[Child 58076, Chrome_ChildThread] WA[Parent 62772, Gecko_IOThread] WARNING: pipe error: 109: file z:/build/build/src/ipc/chromium/src/chrome/common/ipc_channel_win.cc, line 346

###!!! [Child][MessageChannel::SendAndWait] Error: Channel error: cannot send/recv

tte	WARN	TLS certificate errors will be ignored for this session
Unable to read VR Path Registry from C:\Users\eita6\AppData\Local\openvr\openvrpaths.vrpath
[Parent 51212, Gecko_IOThread] WARNING: pipe error: 109: file z:/build/build/src/ipc/chromium/src/chrome/common/ipc_channel_win.cc, line 346
[Child 28220, Chrome_ChildThread] WARNING: pipe error: 109: file z:/build/build/src/ipc/chromium/src/chrome/common/ipc_channel_win.cc, line 346
[Parent 51212, Gecko_IOThread] WARNING: pipe error: 109: file z:/build/build/src/ipc/chromium/src/chrome/common/ipc_channel_win.cc, line 346
[Child 61800, Chrome_ChildThread] WARNING: pipe error: 109: file z:/build/build/src/ipc/chromium/src/chrome/common/ipc_channel_win.cc, line 346
[Child 61800, Chrome_ChildThread] WARNIN*** UTM:SVC TimerManager:registerTimer called after profile-before-change notification. Ignoring timer registration for id: telemetry_modules_ping

###!!! [Child][MessageChannel::SendAndWait] Error: Channel error: cannot send/recv

1531033332972	geckodriver	INFO	Listening on 127.0.0.1:61508
1531033336038	geckodriver::marionette	INFO	Starting browser C:\Program Files\Mozilla Firefox\firefox.exe with args ["-marionette"]
Unable to read VR Path Registry from C:\Users\eita6\AppData\Local\openvr\openvrpaths.vrpath
1531033337234	Marionette	INFO	Enabled via --marionette
Unable to read VR Path Registry from C:\Users\eita6\AppData\Local\openvr\openvrpaths.vrpath
Unable to read VR Path Registry from C:\Users\eita6\AppData\Local\openvr\openvrpaths.vrpath
Unable to read VR Path Registry from C:\Users\eita6\AppData\Local\openvr\openvrpaths.vrpath
1531033339084	Marionette	INFO	Listening on port 61517
Unable to read VR Path Registry from C:\Users\eita6\AppData\Local\openvr\openvrpaths.vrpath
1531033339226	Marionette	WARN	TLS certificate errors will be ignored for this session
JavaScript error: https://portal.nap.gsic.titech.ac.jp/GetAccess/Login?Template=idg_key&AUTHMETHOD=IG&GASF=CERTIFICATE,IG.GRID,IG.OTP&LOCALE=ja_JP&GAREASONCODE=13&GAIDENTIFICATIONID=UserPassword&GARESOURCEID=resourcelistID2&GAURI=https://portal.nap.gsic.titech.ac.jp/GetAccess/ResourceList&Reason=13&APPID=resourcelistID2&URI=https://portal.nap.gsic.titech.ac.jp/GetAccess/ResourceList, line 101: ReferenceError: checkflag is not defined
[Parent 55204, Gecko_IOThread] WARNING: pipe error: 109: file z:/build/build/src/ipc/chromium/src/chrome/common/ipc_channel_win.cc, line 346
[Parent 55204, Gecko_IOThread] WARNING: pipe error: 109: file z:/build/build/src/ipc/chromium/src/chrome/common/ipc_channel_win.cc, line 346

###!!! [Child][MessageChannel::SendAndWait] Error: Channel error: cannot send/recv

1543560725965	mozrunner::runner	INFO	Running command: "C:\\Program Files\\Mozilla Firefox\\firefox.exe" "-marionette" "-foreground" "-no-remote" "-profile" "C:\\Users\\eita6\\AppData\\Local\\Temp\\rust_mozprofile.wmywyDcJczRs"
Unable to read VR Path Registry from C:\Users\eita6\AppData\Local\openvr\openvrpaths.vrpath
Unable to read VR Path Registry from C:\Users\eita6\AppData\Local\openvr\openvrpaths.vrpath
Unable to read VR Path Registry from C:\Users\eita6\AppData\Local\openvr\openvrpaths.vrpath
Unable to read VR Path Registry from C:\Users\eita6\AppData\Local\openvr\openvrpaths.vrpath
1543560730983	Marionette	INFO	Listening on port 53166
Unable to read VR Path Registry from C:\Users\eita6\AppData\Local\openvr\openvrpaths.vrpath
1543560731495	Marionette	WARN	TLS certificate errors will be ignored for this session
JavaScript error: https://portal.nap.gsic.titech.ac.jp/GetAccess/Login?Template=idg_key&AUTHMETHOD=IG&GASF=CERTIFICATE,IG.GRID,IG.OTP&LOCALE=ja_JP&GAREASONCODE=13&GAIDENTIFICATIONID=UserPassword&GARESOURCEID=resourcelistID2&GAURI=https://portal.nap.gsic.titech.ac.jp/GetAccess/ResourceList&Reason=13&APPID=resourcelistID2&URI=https://portal.nap.gsic.titech.ac.jp/GetAccess/ResourceList, line 136: ReferenceError: checkflag is not defined
[Child 24004, Chrome_ChildThread] WARNING: pipe error: 109: file z:/build/build/src/ipc/chromium/src/chrome/common/ipc_channel_win.cc, line 346
[Child 24004, Chr[Parent 8364, Gecko_IOThread] WARNING: pipe error: 109: file z:/build/build/src/ipc/chromium/src/chrome/common/ipc_channel_win.cc, line 346
[Child 28356, Chrome_ChildThread] WARNING: pipe error: 109: file z:/build/build/src/ipc/chromium/src/chrome/common/ipc_channel_win.cc, line 346
[Child 283[GPU 31500, Chrome_C
###!!! [Child][MessageChannel::SendAndWait] Error: Channel error: cannot send/recv

1543740458935	mozrunner::runner	INFO	Running command: "C:\\Program Files\\Mozilla Firefox\\firefox.exe" "-marionette" "-foreground" "-no-remote" "-profile" "C:\\Users\\eita6\\AppData\\Local\\Temp\\rust_mozprofile.Pi6CngSx5N2g"
Unable to read VR Path Registry from C:\Users\eita6\AppData\Local\openvr\openvrpaths.vrpath
Unable to read VR Path Registry from C:\Users\eita6\AppData\Local\openvr\openvrpaths.vrpath
Unable to read VR Path Registry from C:\Users\eita6\AppData\Local\openvr\openvrpaths.vrpath
Unable to read VR Path Registry from C:\Users\eita6\AppData\Local\openvr\openvrpaths.vrpath
Unable to read VR Path Registry from C:\Users\eita6\AppData\Local\openvr\openvrpaths.vrpath
1543740464064	Marionette	INFO	Listening on port 62690
1543740464390	Marionette	WARN	TLS certificate errors will be ignored for this session
JavaScript error: https://portal.nap.gsic.titech.ac.jp/GetAccess/Login?Template=idg_key&AUTHMETHOD=IG&GASF=CERTIFICATE,IG.GRID,IG.OTP&LOCALE=ja_JP&GAREASONCODE=13&GAIDENTIFICATIONID=UserPassword&GARESOURCEID=resourcelistID2&GAURI=https://portal.nap.gsic.titech.ac.jp/GetAccess/ResourceList&Reason=13&APPID=resourcelistID2&URI=https://portal.nap.gsic.titech.ac.jp/GetAccess/ResourceList, line 136: ReferenceError: checkflag is not defined
[Parent 21040, Gecko_IOThread] WARNING: pipe error: 109: file z:/build/build/src/ipc/chromium/src/chrome/common/ipc_channel_win.cc, line 346
[Child 3532, Chrome_ChildThread] WARNING: pipe error: 109: file z:/build/build/src/ipc/chromium/src/chrome/common/ipc_channel_win.cc, line 346
[Child 3532, Chrome_ChildThread] WARNING: pipe error: 109: file z:/build/build/src/ipc/chromium/src/chrome/common/ipc_channel_win.cc, line 346
[Child 41516, Chrome_ChildThread] WARNING: pipe error: 109: file z:/build/build/src/ipc/chromium/src/chrome/common/ipc_channel_win.cc, line 346
[Child 41516, Chrome_ChildThread] WARNING: pipe error: 109: file z:/build/build/src/ipc/chromium/src/chrome/common/ipc_channel_win.cc, line 346
[Parent 21040, Gecko_IOThread] WARNING: pipe error: 109: file z:/build/build/src/ipc/chromium/src/chrome/common/ipc_channel_win.cc, line 346
[Child 34652, Chrome_ChildThread] WARNING: pipe error: 109: file z:/build/build/src/ipc/chromium/src/chrome/common/ipc_channel_win.cc, line 346
[Child 34652, Chrome_ChildThread] WARNING: pipe error: 109: file z:/build/build/src[GPU 42884, Chrome_C
###!!! [Child][MessageChannel::SendAndWait] Error: Channel error: cannot send/recv

1543894389335	mozrunner::runner	INFO	Running command: "C:\\Program Files\\Mozilla Firefox\\firefox.exe" "-marionette" "-foreground" "-no-remote" "-profile" "C:\\Users\\eita6\\AppData\\Local\\Temp\\rust_mozprofile.e5OsmESBE6OH"
Unable to read VR Path Registry from C:\Users\eita6\AppData\Local\openvr\openvrpaths.vrpath
Unable to read VR Path Registry from C:\Users\eita6\AppData\Local\openvr\openvrpaths.vrpath
Unable to read VR Path Registry from C:\Users\eita6\AppData\Local\openvr\openvrpaths.vrpath
Unable to read VR Path Registry from C:\Users\eita6\AppData\Local\openvr\openvrpaths.vrpath
Unable to read VR Path Registry from C:\Users\eita6\AppData\Local\openvr\openvrpaths.vrpath
1543894394009	Marionette	INFO	Listening on port 53313
1543894394407	Marionette	WARN	TLS certificate errors will be ignored for this session
JavaScript error: https://portal.nap.gsic.titech.ac.jp/GetAccess/Login?Template=idg_key&AUTHMETHOD=IG&GASF=CERTIFICATE,IG.GRID,IG.OTP&LOCALE=ja_JP&GAREASONCODE=13&GAIDENTIFICATIONID=UserPassword&GARESOURCEID=resourcelistID2&GAURI=https://portal.nap.gsic.titech.ac.jp/GetAccess/ResourceList&Reason=13&APPID=resourcelistID2&URI=https://portal.nap.gsic.titech.ac.jp/GetAccess/ResourceList, line 136: ReferenceError: checkflag is not defined
JavaScript warning: https://kyomu2.gakumu.titech.ac.jp/Titech/Student/%e6%89%bf%e8%aa%8d%e7%94%b3%e8%ab%8b/PID1_7a.aspx?remove=true, line 1: unreachable code after return statement
JavaScript warning: https://kyomu2.gakumu.titech.ac.jp/Titech/Student/%e6%89%bf%e8%aa%8d%e7%94%b3%e8%ab%8b/PID1_7a.aspx?remove=true, line 1: unreachable code after return statement
JavaScript warning: https://kyomu2.gakumu.titech.ac.jp/Titech/Student/%e6%89%bf%e8%aa%8d%e7%94%b3%e8%ab%8b/PID1_7a.aspx?remove=true, line 1: unreachable code after return statement
JavaScript warning: https://kyomu2.gakumu.titech.ac.jp/Titech/Student/%E7%A7%91%E7%9B%AE%E7%94%B3%E5%91%8A/PID1_0_1.aspx?back=7&ZengakuSenmonAll=True&Quarters=3%2c4%2c8&KamokuCodeSeries=300&Name=%e7%a0%94%e7%a9%b6%e3%83%97%e3%83%ad%e3%82%b8%e3%82%a7%e3%82%af%e3%83%88&Term=20182&Year=2018&Term2=2&TermUnit=20182&Zengaku=False&Senmon=False&_search=True, line 1: unreachable code after return statement
Unable to read VR Path Registry from C:\Users\eita6\AppData\Local\openvr\openvrpaths.vrpath
IPDL protocol error: Handler returned error code!

###!!! [Parent][DispatchAsyncMessage] Error: PAPZCTreeManager::Msg_SetTargetAPZC Processing error: message was deserialized, but the handler returned false (indicating failure)

Unable to read VR Path Registry from C:\Users\eita6\AppData\Local\openvr\openvrpaths.vrpath
JavaScript warning: https://www.google-analytics.com/gtm/js?id=GTM-KH9QXM9&cid=2076150431.1543895793, line 104: unreachable code after return statement
JavaScript error: , line 0: uncaught exception: Error: invalid version specified
JavaScript error: https://www.seohacks.net/common/js/banner.js?160224, line 1101: ReferenceError: INDUSTRIAL_CATEGORY_L_SCHOOL is not defined
JavaScript warning: https://www.google-analytics.com/gtm/js?id=GTM-PHCN887&t=gtm4&cid=1910447711.1543895899, line 91: unreachable code after return statement
JavaScript error: https://www.seohacks.net/common/js/app.js, line 1: ReferenceError: spfixedMktoForm is not defined
JavaScript error: , line 0: uncaught exception: Error: invalid version specified
JavaScript warning: https://www.google-analytics.com/gtm/js?id=GTM-PHCN887&t=gtm4&cid=1910447711.1543895899, line 91: unreachable code after return statement
JavaScript error: https://www.seohacks.net/common/js/banner.js?160224, line 1101: ReferenceError: INDUSTRIAL_CATEGORY_L_SCHOOL is not defined
JavaScript error: https://www.seohacks.net/common/js/app.js, line 1: ReferenceError: spfixedMktoForm is not defined
1543986997258	mozrunner::runner	INFO	Running command: "C:\\Program Files\\Mozilla Firefox\\firefox.exe" "-marionette" "-foreground" "-no-remote" "-profile" "C:\\Users\\eita6\\AppData\\Local\\Temp\\rust_mozprofile.Nwyfst4lBtP4"
Unable to read VR Path Registry from C:\Users\eita6\AppData\Local\openvr\openvrpaths.vrpath
Unable to read VR Path Registry from C:\Users\eita6\AppData\Local\openvr\openvrpaths.vrpath
Unable to read VR Path Registry from C:\Users\eita6\AppData\Local\openvr\openvrpaths.vrpath
Unable to read VR Path Registry from C:\Users\eita6\AppData\Local\openvr\openvrpaths.vrpath
Unable to read VR Path Registry from C:\Users\eita6\AppData\Local\openvr\openvrpaths.vrpath
1543987001446	Marionette	INFO	Listening on port 51651
1543987001674	Marionette	WARN	TLS certificate errors will be ignored for this session
JavaScript error: https://portal.nap.gsic.titech.ac.jp/GetAccess/Login?Template=idg_key&AUTHMETHOD=IG&GASF=CERTIFICATE,IG.GRID,IG.OTP&LOCALE=ja_JP&GAREASONCODE=13&GAIDENTIFICATIONID=UserPassword&GARESOURCEID=resourcelistID2&GAURI=https://portal.nap.gsic.titech.ac.jp/GetAccess/ResourceList&Reason=13&APPID=resourcelistID2&URI=https://portal.nap.gsic.titech.ac.jp/GetAccess/ResourceList, line 136: ReferenceError: checkflag is not defined
JavaScript warning: https://mailv3.m.titech.ac.jp/cgi-bin/portal?cmd=show&m=5095455, line 697: unreachable code after return statement
Unable to read VR Path Registry from C:\Users\eita6\AppData\Local\openvr\openvrpaths.vrpath
JavaScript error: https://mailv3.m.titech.ac.jp/j70/submenu_inc.js?m=1709071702, line 20: TypeError: stInput is null
[Parent 20800, Gecko_IOThread] WARNING: pipe error: 109: file z:/build/build/src/ipc/chromium/src/chrome/common/ipc_channel_win.cc, line 346
[Child 21116, Chrome_ChildThread] WARNING: pipe error: 109: file z:/build/build/src/ipc/chromium/src/chrome/common/ipc_channel_win.cc, line 346
[Child 21116, Chrome_ChildThread] WARNING: pipe error: 109: file z:/build/build/src/ipc/[chromiPuamr/ent 20800, Gecko_IOThread] WARNING: src/chrompei/pceo merror: 109: file z:/build/build/src/ipc/chromium/srcm/ocnh/riopmce_/ccommon/ipc_channel_win.cc, line 346h
annel_win.cc, line 346
[Child 20156, Chrome_ChildThread] WARNING: pipe error: 109: file z:/build/build/src/ipc/chromium/src/chrome/common/ipc_channel_win.cc, line 346
[Child 20156, Chrome_ChildThread] WARNING: pipe error: 109: file z:/build/build/src/ipc/chromium/src/chrome/common/ipc_channel_win.cc, line 346
[Parent 20800, Gecko_IOThread] WARNING: pipe error: 109: file z:/build/build/src/ipc/chromium/src/chrome/common/ipc_channel_win.cc, line 346

###!!! [Parent][MessageChannel] Error: (msgtype=0x16008C,name=PBrowser::Msg_UpdateNativeWindowHandle) Closed channel: cannot send/recv


###!!! [Parent][MessageChannel] Error: (msgtype=0x16007F,name=PBrowser::Msg_Destroy) Closed channel: cannot send/recv

[Child 20588, Chrome_ChildThread] WARNING: pipe error: 109: file z:/build/build/src/ipc/chromium/src/chrome/common/ipc_channel_win.cc,
###!!! [Parent][MessageChannel] Error: (msgtype=0x16008C,name=PBrowser::Msg_UpdateNativeWindowHandle) Closed channel: cannot send/recv

 line 
###!!! [Parent][MessageChannel] Error: (msgtype=0x16007F,name=PBrowser::Msg_Destroy) Closed channel: cannot send/recv

346

###!!! [Parent][MessageChannel] Error: (msgtype=0x16008C,name=PBrowser::Msg_UpdateNativeWindowHandle) Closed channel: cannot send/recv


###!!! [Parent][MessageChannel] Error: (msgtype=0x16007F,name=PBrowser::Msg_Destroy) Closed channel: cannot send/recv


###!!! [Parent][MessageChannel] Error: (msgtype=0x16008C,name=PBrowser::Msg_UpdateNativeWindowHandle) Closed channel: cannot send/recv


###!!! [Parent][MessageChannel] Error: (msgtype=0x16007F,name=PBrowser::Msg_Destroy) Closed channel: cannot send/recv

[Child 20588, Chrome_ChildThread] WARNING: pipe error: 109: file z:/build/build/src/ipc/chromium/src/chrome/common/ipc_channel_win.cc, line 346

###!!! [Child][MessageChannel] Error: (msgtype=0x160001,name=PBrowser::Msg_AsyncMessage) Closed channel: cannot send/recv

JavaScript error: chrome://browser/content/tab-content.js, line 282: NS_ERROR_UNEXPECTED: 

###!!! [Child][MessageChannel] Error: (msgtype=0x160001,name=PBrowser::Msg_AsyncMessage) Closed channel: cannot send/recv

JavaScript error: chrome://browser/content/content.js, line 963: NS_ERROR_UNEXPECTED: 
[Parent 20800, Gecko_IOThread] WARNING: pipe error: 109: file z:/build/build/src/ipc/chromium/src/chrome/common/ipc_channel_win.cc, line 346

###!!! [Parent][MessageChannel] Error: (msgtype=0x16008C,name=PBrowser::Msg_UpdateNativeWindowHandle) Closed channel: cannot send/recv


###!!! [Parent][MessageChannel] Error: (msgtype=0x16007F,name=PBrowser::Msg_Destroy) Closed channel: cannot send/recv


###!!! [Parent][MessageChannel] Error: (msgtype=0x16008C,name=PBrowser::Msg_UpdateNativeWindowHandle) Closed channel: cannot send/recv


###!!! [Parent][MessageChannel] Error: (msgtype=0x16007F,name=PBrowser::Msg_Destroy) Closed channel: cannot send/recv

[Child 20824, Chrome_ChildThread] WARNING: pipe error: 109: file z:/build/build/src/ipc/chromium/src/chrome/common/ipc_channel_win.cc, line 346

###!!! [Child][MessageChannel] Error: (msgtype=0x160001,name=PBrowser::Msg_AsyncMessage) Closed channel: cannot send/recv

JavaScript error: chrome://browser/content/tab-content.js, line 282: NS_ERROR_UNEXPECTED: 

###!!! [Child][MessageChannel] Error: (msgtype=0x160001,name=PBrowser::Msg_AsyncMessage) Closed channel: cannot send/recv

JavaScript error: chrome://browser/content/content.js, line 963: NS_ERROR_UNEXPECTED: 

###!!! [Child][MessageChannel] Error: (msgtype=0x160001,name=PBrowser::Msg_AsyncMessage) Closed channel: cannot send/recv

JavaScript error: chrome://browser/content/tab-content.js, line 282: NS_ERROR_UNEXPECTED: 

###!!! [Child][MessageChannel] Error: (msgtype=0x160001,name=PBrowser::Msg_AsyncMessage) Closed channel: cannot send/recv

JavaScript error: chrome://browser/content/content.js, line 963: NS_ERROR_UNEXPECTED: 

###!!! [Child][MessageChannel] Error: (msgtype=0x160001,name=PBrowser::Msg_AsyncMessage) Closed channel: cannot send/recv

JavaScript error: chrome://browser/content/tab-content.js, line 282: NS_ERROR_UNEXPECTED: 

###!!! [Child][MessageChannel] Error: (msgtype=0x160001,name=PBrowser::Msg_AsyncMessage) Closed channel: cannot send/recv

JavaScript error: chrome://browser/content/content.js, line 963: NS_ERROR_UNEXPECTED: 

###!!! [Child][MessageChannel] Error: (msgtype=0x160001,name=PBrowser::Msg_AsyncMessage) Closed channel: cannot send/recv

JavaScript error: chrome://browser/content/tab-content.js, line 282: NS_ERROR_UNEXPECTED: 

###!!! [Child][MessageChannel] Error: (msgtype=0x160001,name=PBrowser::Msg_AsyncMessage) Closed channel: cannot send/recv

JavaScript error: chrome://browser/content/content.js, line 963: NS_ERROR_UNEXPECTED: 

###!!! [Child][MessageChannel] Error: (msgtype=0x160001,name=PBrowser::Msg_AsyncMessage) Closed channel: cannot send/recv

JavaScript error: chrome://browser/content/tab-content.js, line 282: NS_ERROR_UNEXPECTED: 

###!!! [Child][MessageChannel] Error: (msgtype=0x160001,name=PBrowser::Msg_AsyncMessage) Closed channel: cannot send/recv

JavaScript error: chrome://browser/content/content.js, line 963: NS_ERROR_UNEXPECTED: 

###!!! [Child][MessageChannel] Error: (msgtype=0x160001,name=PBrowser::Msg_AsyncMessage) Closed channel: cannot send/recv

1544971564360	mozrunner::runner	INFO	Running command: "C:\\Program Files\\Mozilla Firefox\\firefox.exe" "-marionette" "-foreground" "-no-remote" "-profile" "C:\\Users\\eita6\\AppData\\Local\\Temp\\rust_mozprofile.ECxXepr5nvNA"
Unable to read VR Path Registry from C:\Users\eita6\AppData\Local\openvr\openvrpaths.vrpath
Unable to read VR Path Registry from C:\Users\eita6\AppData\Local\openvr\openvrpaths.vrpath
Unable to read VR Path Registry from C:\Users\eita6\AppData\Local\openvr\openvrpaths.vrpath
Unable to read VR Path Registry from C:\Users\eita6\AppData\Local\openvr\openvrpaths.vrpath
Unable to read VR Path Registry from C:\Users\eita6\AppData\Local\openvr\openvrpaths.vrpath
1544971568176	Marionette	INFO	Listening on port 62593
1544971568234	Marionette	WARN	TLS certificate errors will be ignored for this session
JavaScript error: https://portal.nap.gsic.titech.ac.jp/GetAccess/Login?Template=idg_key&AUTHMETHOD=IG&GASF=CERTIFICATE,IG.GRID,IG.OTP&LOCALE=ja_JP&GAREASONCODE=13&GAIDENTIFICATIONID=UserPassword&GARESOURCEID=resourcelistID2&GAURI=https://portal.nap.gsic.titech.ac.jp/GetAccess/ResourceList&Reason=13&APPID=resourcelistID2&URI=https://portal.nap.gsic.titech.ac.jp/GetAccess/ResourceList, line 149: ReferenceError: checkflag is not defined
[Parent 21496, Gecko_IOThread] WARNING: pipe error: 109: file z:/build/build/src/ipc/chromium/src/chrome/common/ipc_channel_win.cc, line 346
[Parent 21496, Gecko_IOThread] WARNING: pipe error: 109: file z:/build/build/src/ipc/chromium/src/chrome/common/ipc_channel_win.cc, line 346
[Child 13836, Chrome_ChildThread] WARNING: pipe error: 109: file z:/build/build/src/ipc/chromium/src/chrome/common/ipc_channel_win.cc, line 346
[Child 13836, Chrome_ChildThread][Parent 21496, Gecko_IOThread] WARNING: pipe error: 109: file z:/build/build/src/ipc/chromium/src/chrome/common/ipc_channel_win.cc, line 346
[Child 4392, Chrome_ChildThread] WARNING: pipe error: 109: file z:/build/build/src/ipc/chromium/src/chrome/common/ipc_channel_win.cc, line 346
[Child 4392, Chrome_ChildThread] WARNING: pipe error: 109: file z:/build/build/src/ipc/chromium/sr[GPU 7844, Chrome
###!!! [Child][MessageChannel::SendAndWait] Error: Channel error: cannot send/recv

1545015234190	mozrunner::runner	INFO	Running command: "C:\\Program Files\\Mozilla Firefox\\firefox.exe" "-marionette" "-foreground" "-no-remote" "-profile" "C:\\Users\\eita6\\AppData\\Local\\Temp\\rust_mozprofile.NlfMeVqlqeRf"
Unable to read VR Path Registry from C:\Users\eita6\AppData\Local\openvr\openvrpaths.vrpath
Unable to read VR Path Registry from C:\Users\eita6\AppData\Local\openvr\openvrpaths.vrpath
Unable to read VR Path Registry from C:\Users\eita6\AppData\Local\openvr\openvrpaths.vrpath
Unable to read VR Path Registry from C:\Users\eita6\AppData\Local\openvr\openvrpaths.vrpath
Unable to read VR Path Registry from C:\Users\eita6\AppData\Local\openvr\openvrpaths.vrpath
1545015239411	Marionette	INFO	Listening on port 64473
1545015239847	Marionette	WARN	TLS certificate errors will be ignored for this session
JavaScript error: https://portal.nap.gsic.titech.ac.jp/GetAccess/Login?Template=idg_key&AUTHMETHOD=IG&GASF=CERTIFICATE,IG.GRID,IG.OTP&LOCALE=ja_JP&GAREASONCODE=13&GAIDENTIFICATIONID=UserPassword&GARESOURCEID=resourcelistID2&GAURI=https://portal.nap.gsic.titech.ac.jp/GetAccess/ResourceList&Reason=13&APPID=resourcelistID2&URI=https://portal.nap.gsic.titech.ac.jp/GetAccess/ResourceList, line 149: ReferenceError: checkflag is not defined
[Parent 10860, Gecko_IOThread] WARNING: pipe error: 109: file z:/build/build/src/ipc/chromium/src/chrome/common/ipc_channel_win.cc, line 346
[Parent 10860, Gecko_IOThread] WARNING: pipe error: 109: file z:/build/build/src/ipc/chromium/src/chrome/common/ipc_channel_win.cc, line 346
[Child 23580, Chrome_ChildThread] WARNING: pipe error: 109: file z:/build/build/src/ipc/chromium/src/chrome/common/ipc_channel_win.cc, line 346
[Parent 10860, Gecko_IOThread] WARNING: pipe error: 109: file z:/build/build/src/ipc/chromium/src/chrome/common/ipc_channel_win.cc, line 346
[Child 25960, Chrome_ChildThread] WARNING: pipe error: 109: file z:/build/build/src/ipc/chromium/src/chrome/common/ipc_channel_win.cc, line 346
[Child 25960, Chrome_ChildThread] WARNING: pipe error: 109: file z:/build/build/src/ipc/chromium/src/chrome/common/ipc_channel_win.cc, line 346
[Parent 10860, Gecko_IOThread] WARNING: pipe error: 232: file z:/build/build/src/ipc/chromium/src/chrome/common/ipc_channel_win.cc, line 513

###!!! [Child][MessageChannel::SendAndWait] Error: (msgtype=0x4B0004,name=PImageBridge::Msg_WillClose) Channel error: cannot send/recv

ourcelistID2&URI=https://portal.nap.gsic.titech.ac.jp/GetAccess/ResourceList, line 149: ReferenceError: checkflag is not defined
JavaScript warning: https://mailv3.m.titech.ac.jp/cgi-bin/portal?cmd=show&m=44376683, line 695: unreachable code after return statement
Unable to read VR Path Registry from C:\Users\eita6\AppData\Local\openvr\openvrpaths.vrpath
[Parent 28236, Gecko_IOThread] WARNING: pipe error: 109: file z:/build/build/src/ipc/chromium/src/chrome/common/ipc_channel_win.cc, line 346
[Parent 28236, Gecko_IOThread] WARNING: pipe error: 109: file z:/build/build/src/ipc/chromium/src/chrome/common/ipc_channel_win.cc, line 346
[Parent 28236, Gecko_IOThread] WARNING: pipe error: 109: file z:/build/build/src/ipc/chromium/src/chrome/common/ipc_channel_win.cc, line 346
[Child 28760, Chrome_ChildThread] WARNING: pipe error: 109: file z:/build/build/src/ipc/chromium/src/chrome/common/ipc_channel_win.cc, line 346
[Child 28760, Chrome_ChildThread] WARNING: pi[Child 28892, Chrome_ChildThread] WARNING: pipe error: 109: file z:/build/build/src/ipc/chromium/src/chrome/common/ipc_channel_win.cc, line 346
[Child 28892, [Child 28856, Chrome_ChildThread] WARNING: pipe error: 109: file z:/build/build/src/ipc/chromium/src/chrome/common/ipc_channel_win.cc, line 346
[Child 28856, Ch[GPU 21068,
###!!! [Child][MessageChannel::SendAndWait] Error: Channel error: cannot send/recv

